<testsuite name="f_todolist.Todolists management workflow" tests="8" errors="1" failures="1" skipped="4" time="39.236562" timestamp="2021-06-07T16:27:23.355407" hostname="KMS-NB199"><testcase classname="f_todolist.Todolists management workflow" name="Creating a project" status="failed" time="14.413741"><failure type="AssertionError" message="">
<![CDATA[
Failing step: Then there must be a project called "exemplo todolist" ... failed in 3.073s
Location: features/f_todolist.feature:18
Traceback (most recent call last):
  File "c:\users\victor.pereira\projects\ktask-automated-tests\.venv\lib\site-packages\behave\model.py", line 1329, in run
    match.run(runner.context)
  File "c:\users\victor.pereira\projects\ktask-automated-tests\.venv\lib\site-packages\behave\matchers.py", line 98, in run
    self.func(context, *args, **kwargs)
  File "features\steps\steps.py", line 57, in check_project_name
    assert project_name.upper() == my_account.todolist.text
AssertionError
]]>
</failure><system-out>
<![CDATA[
@scenario.begin
  Scenario: Creating a project
    Given I access my application on browser ... passed in 1.064s
    When I click on Entrar button ... passed in 2.162s
    And Log in with "xileyaf341@relumyx.com" account and "Ktask@123" password ... passed in 1.024s
    Given I see my homepage ... passed in 2.611s
    When I create a project with the following data ... passed in 4.480s
      | Name | Value                 |
      | nome | exemplo todolist      |
      | desc | testando com selenium |
      | data | 16072021              |
    Then there must be a project called "exemplo todolist" ... failed in 3.073s
    Then I logout ... skipped in 0.000s

@scenario.end
--------------------------------------------------------------------------------
]]>
</system-out></testcase><testcase classname="f_todolist.Todolists management workflow" name="Creating a project with error" status="passed" time="10.284889"><system-out>
<![CDATA[
@scenario.begin
  Scenario: Creating a project with error
    Given I access my application on browser ... passed in 0.373s
    When I click on Entrar button ... passed in 0.451s
    And Log in with "xileyaf341@relumyx.com" account and "Ktask@123" password ... passed in 0.498s
    Given I see my homepage ... passed in 2.114s
    When I create a project with the following data ... passed in 4.330s
      | Name | Value |
      | nome |       |
      | desc |       |
      | data |       |
    Then I see a error message with "Preencha o campo." on "create" modal ... passed in 2.086s
    Then I logout ... passed in 0.433s

@scenario.end
--------------------------------------------------------------------------------
]]>
</system-out></testcase><testcase classname="f_todolist.Todolists management workflow" name="Creating a project with past date" status="passed" time="9.963483"><system-out>
<![CDATA[
@scenario.begin
  Scenario: Creating a project with past date
    Given I access my application on browser ... passed in 0.521s
    When I click on Entrar button ... passed in 0.448s
    And Log in with "xileyaf341@relumyx.com" account and "Ktask@123" password ... passed in 0.482s
    Given I see my homepage ... passed in 1.600s
    When I create a project with the following data ... passed in 4.383s
      | Name | Value    |
      | nome | foll     |
      | desc | fool     |
      | data | 04052021 |
    Then I see a error message with "Preencha todos os campos e coloque uma data válida!" on "create" modal ... passed in 2.040s
    Then I logout ... passed in 0.489s

@scenario.end
--------------------------------------------------------------------------------
]]>
</system-out></testcase><testcase classname="f_todolist.Todolists management workflow" name="Editing a project" status="failed" time="4.574448"><error type="KeyboardInterrupt" message="">
<![CDATA[
Failing step: Then I click to edit project called "exemplo todolist" ... failed in 1.035s
Location: features/f_todolist.feature:41
None]]>
</error><system-out>
<![CDATA[
@scenario.begin
  Scenario: Editing a project
    Given I access my application on browser ... passed in 0.070s
    When I click on Entrar button ... passed in 0.794s
    And Log in with "xileyaf341@relumyx.com" account and "Ktask@123" password ... passed in 0.581s
    Given I see my homepage ... passed in 2.094s
    Then I click to edit project called "exemplo todolist" ... failed in 1.035s
    And I should see the project edition modal ... untested in 0.000s
    And I edit the project with the following data ... untested in 0.000s
      | Name | Value                      |
      | name | exemplo todolist - Updated |
      | desc | testando com selenium      |
      | data | 18032021                   |
    Then there must be a project called "exemplo todolist - Updated" ... untested in 0.000s
    Then I logout ... untested in 0.000s

@scenario.end
--------------------------------------------------------------------------------
]]>
</system-out></testcase><testcase classname="f_todolist.Todolists management workflow" name="Editing a project with error" status="untested" time="0"><skipped /><system-out>
<![CDATA[
@scenario.begin
  Scenario: Editing a project with error
    Given I access my application on browser ... untested in 0.000s
    When I click on Entrar button ... untested in 0.000s
    And Log in with "xileyaf341@relumyx.com" account and "Ktask@123" password ... untested in 0.000s
    Given I see my homepage ... untested in 0.000s
    Then I click to edit project called "exemplo todolist - Updated" ... untested in 0.000s
    And I should see the project edition modal ... untested in 0.000s
    And I edit the project with the following data ... untested in 0.000s
      | Name | Value    |
      | name |          |
      | desc |          |
      | data | 15032020 |
    Then I see a error message with "Coloque uma data válida!" on "edit" modal ... untested in 0.000s
    Then I logout ... untested in 0.000s

@scenario.end
--------------------------------------------------------------------------------
]]>
</system-out></testcase><testcase classname="f_todolist.Todolists management workflow" name="Managing todolist access" status="untested" time="0"><skipped /><system-out>
<![CDATA[
@scenario.begin
  Scenario: Managing todolist access
    Given I access my application on browser ... untested in 0.000s
    When I click on Entrar button ... untested in 0.000s
    And Log in with "xileyaf341@relumyx.com" account and "Ktask@123" password ... untested in 0.000s
    Given I see my homepage ... untested in 0.000s
    Then I add user "vh141299@gmail.com" to the project ... untested in 0.000s
    Then I logout ... untested in 0.000s

@scenario.end
--------------------------------------------------------------------------------
]]>
</system-out></testcase><testcase classname="f_todolist.Todolists management workflow" name="Adding a wrong email to the project" status="untested" time="0"><skipped /><system-out>
<![CDATA[
@scenario.begin
  Scenario: Adding a wrong email to the project
    Given I access my application on browser ... untested in 0.000s
    When I click on Entrar button ... untested in 0.000s
    And Log in with "xileyaf341@relumyx.com" account and "Ktask@123" password ... untested in 0.000s
    Given I see my homepage ... untested in 0.000s
    Then I add user "vh141299" to the project ... untested in 0.000s
    Then I logout ... untested in 0.000s

@scenario.end
--------------------------------------------------------------------------------
]]>
</system-out></testcase><testcase classname="f_todolist.Todolists management workflow" name="Removing user from project" status="untested" time="0"><skipped /><system-out>
<![CDATA[
@scenario.begin
  Scenario: Removing user from project
    Given I access my application on browser ... untested in 0.000s
    When I click on Entrar button ... untested in 0.000s
    And Log in with "xileyaf341@relumyx.com" account and "Ktask@123" password ... untested in 0.000s
    Given I see my homepage ... untested in 0.000s
    Then I remove user "vh141299@gmail.com" from project" ... untested in 0.000s
    Then I logout ... untested in 0.000s

@scenario.end
--------------------------------------------------------------------------------
]]>
</system-out></testcase></testsuite>